0 info it worked if it ends with ok
1 verbose cli [ 'node', '/usr/local/bin/npm', 'start' ]
2 info using npm@3.10.9
3 info using node@v0.12.7
4 verbose run-script [ 'prestart', 'start', 'poststart' ]
5 info lifecycle hackaburg-website@1.0.5~prestart: hackaburg-website@1.0.5
6 silly lifecycle hackaburg-website@1.0.5~prestart: no script for prestart, continuing
7 info lifecycle hackaburg-website@1.0.5~start: hackaburg-website@1.0.5
8 verbose lifecycle hackaburg-website@1.0.5~start: unsafe-perm in lifecycle true
9 verbose lifecycle hackaburg-website@1.0.5~start: PATH: /usr/local/lib/node_modules/npm/bin/node-gyp-bin:/Users/markusguder/workspace/website/node_modules/.bin:/Users/markusguder/.yarn/bin:/Library/Frameworks/Python.framework/Versions/3.6/bin:/usr/local/bin:/usr/bin:/bin:/usr/sbin:/sbin:/opt/X11/bin:/Library/TeX/texbin
10 verbose lifecycle hackaburg-website@1.0.5~start: CWD: /Users/markusguder/workspace/website
11 silly lifecycle hackaburg-website@1.0.5~start: Args: [ '-c', 'gulp watch' ]
12 silly lifecycle hackaburg-website@1.0.5~start: Returned: code: 1  signal: null
13 info lifecycle hackaburg-website@1.0.5~start: Failed to exec start script
14 verbose stack Error: hackaburg-website@1.0.5 start: `gulp watch`
14 verbose stack Exit status 1
14 verbose stack     at EventEmitter.<anonymous> (/usr/local/lib/node_modules/npm/lib/utils/lifecycle.js:255:16)
14 verbose stack     at EventEmitter.emit (events.js:110:17)
14 verbose stack     at ChildProcess.<anonymous> (/usr/local/lib/node_modules/npm/lib/utils/spawn.js:40:14)
14 verbose stack     at ChildProcess.emit (events.js:110:17)
14 verbose stack     at maybeClose (child_process.js:1015:16)
14 verbose stack     at Process.ChildProcess._handle.onexit (child_process.js:1087:5)
15 verbose pkgid hackaburg-website@1.0.5
16 verbose cwd /Users/markusguder/workspace/website
17 error Darwin 16.6.0
18 error argv "node" "/usr/local/bin/npm" "start"
19 error node v0.12.7
20 error npm  v3.10.9
21 error code ELIFECYCLE
22 error hackaburg-website@1.0.5 start: `gulp watch`
22 error Exit status 1
23 error Failed at the hackaburg-website@1.0.5 start script 'gulp watch'.
23 error Make sure you have the latest version of node.js and npm installed.
23 error If you do, this is most likely a problem with the hackaburg-website package,
23 error not with npm itself.
23 error Tell the author that this fails on your system:
23 error     gulp watch
23 error You can get information on how to open an issue for this project with:
23 error     npm bugs hackaburg-website
23 error Or if that isn't available, you can get their info via:
23 error     npm owner ls hackaburg-website
23 error There is likely additional logging output above.
24 verbose exit [ 1, true ]
